2021-06-08 09:40:28.172 [background-preinit] INFO  o.h.validator.internal.util.Version -HV000001: Hibernate Validator 6.2.0.Final
2021-06-08 09:40:28.188 [main] INFO  c.e.provider.a.ProviderAApplication -Starting ProviderAApplication using Java 1.8.0_152 on LAPTOP-7DE1HKDL with PID 18396 (D:\GitHub\spring-ultraman\spring-provider-a\target\classes started by Ant in D:\GitHub\spring-ultraman)
2021-06-08 09:40:28.188 [main] INFO  c.e.provider.a.ProviderAApplication -No active profile set, falling back to default profiles: default
2021-06-08 09:40:29.578 [main] INFO  o.s.cloud.context.scope.GenericScope -BeanFactory id=5008ceeb-d08d-3d13-a396-24e437e7a4cd
2021-06-08 09:40:30.063 [main] INFO  o.s.b.w.e.tomcat.TomcatWebServer -Tomcat initialized with port(s): 9093 (http)
2021-06-08 09:40:30.078 [main] INFO  o.a.coyote.http11.Http11NioProtocol -Initializing ProtocolHandler ["http-nio-9093"]
2021-06-08 09:40:30.078 [main] INFO  o.a.catalina.core.StandardService -Starting service [Tomcat]
2021-06-08 09:40:30.078 [main] INFO  o.a.catalina.core.StandardEngine -Starting Servlet engine: [Apache Tomcat/9.0.46]
2021-06-08 09:40:30.309 [main] INFO  o.a.c.c.C.[Tomcat].[localhost].[/] -Initializing Spring embedded WebApplicationContext
2021-06-08 09:40:30.310 [main] INFO  o.s.b.w.s.c.ServletWebServerApplicationContext -Root WebApplicationContext: initialization completed in 2028 ms
2021-06-08 09:40:33.451 [main] INFO  o.s.cloud.commons.util.InetUtils -Cannot determine local hostname
2021-06-08 09:40:33.560 [main] INFO  o.s.c.n.e.c.DiscoveryClientOptionalArgsConfiguration -Eureka HTTP Client uses RestTemplate.
2021-06-08 09:40:35.872 [main] INFO  o.s.cloud.commons.util.InetUtils -Cannot determine local hostname
2021-06-08 09:40:35.966 [main] WARN  o.s.c.l.c.LoadBalancerCacheAutoConfiguration$LoadBalancerCaffeineWarnLogger -Spring Cloud LoadBalancer is currently working with the default cache. You can switch to using Caffeine cache, by adding it and org.springframework.cache.caffeine.CaffeineCacheManager to the classpath.
2021-06-08 09:40:36.060 [main] INFO  o.s.c.n.eureka.InstanceInfoFactory -Setting initial instance status as: STARTING
2021-06-08 09:40:36.122 [main] INFO  c.netflix.discovery.DiscoveryClient -Initializing Eureka in region us-east-1
2021-06-08 09:40:36.138 [main] INFO  c.n.d.s.r.aws.ConfigClusterResolver -Resolving eureka endpoints via configuration
2021-06-08 09:40:36.169 [main] INFO  c.netflix.discovery.DiscoveryClient -Disable delta property : false
2021-06-08 09:40:36.169 [main] INFO  c.netflix.discovery.DiscoveryClient -Single vip registry refresh property : null
2021-06-08 09:40:36.169 [main] INFO  c.netflix.discovery.DiscoveryClient -Force full registry fetch : false
2021-06-08 09:40:36.169 [main] INFO  c.netflix.discovery.DiscoveryClient -Application is null : false
2021-06-08 09:40:36.169 [main] INFO  c.netflix.discovery.DiscoveryClient -Registered Applications size is zero : true
2021-06-08 09:40:36.169 [main] INFO  c.netflix.discovery.DiscoveryClient -Application version is -1: true
2021-06-08 09:40:36.169 [main] INFO  c.netflix.discovery.DiscoveryClient -Getting all instance registry info from the eureka server
2021-06-08 09:40:38.028 [main] INFO  c.netflix.discovery.DiscoveryClient -The response status is 200
2021-06-08 09:40:38.028 [main] INFO  c.netflix.discovery.DiscoveryClient -Starting heartbeat executor: renew interval is: 30
2021-06-08 09:40:38.044 [main] INFO  c.n.discovery.InstanceInfoReplicator -InstanceInfoReplicator onDemand update allowed rate per min is 4
2021-06-08 09:40:38.060 [main] INFO  c.netflix.discovery.DiscoveryClient -Discovery Client initialized at timestamp 1623116438060 with initial instances count: 2
2021-06-08 09:40:38.060 [main] INFO  o.s.c.n.e.s.EurekaServiceRegistry -Registering application PROVIDER-SERVICE with eureka with status UP
2021-06-08 09:40:38.060 [main] INFO  c.netflix.discovery.DiscoveryClient -Saw local status change event StatusChangeEvent [timestamp=1623116438060, current=UP, previous=STARTING]
2021-06-08 09:40:38.060 [DiscoveryClient-InstanceInfoReplicator-0] INFO  c.netflix.discovery.DiscoveryClient -DiscoveryClient_PROVIDER-SERVICE/localhost:provider-service:9093: registering service...
2021-06-08 09:40:38.075 [main] INFO  o.a.coyote.http11.Http11NioProtocol -Starting ProtocolHandler ["http-nio-9093"]
2021-06-08 09:40:38.138 [main] INFO  o.s.b.w.e.tomcat.TomcatWebServer -Tomcat started on port(s): 9093 (http) with context path ''
2021-06-08 09:40:38.138 [main] INFO  o.s.c.n.e.s.EurekaAutoServiceRegistration -Updating port to 9093
2021-06-08 09:40:38.200 [DiscoveryClient-InstanceInfoReplicator-0] INFO  c.netflix.discovery.DiscoveryClient -DiscoveryClient_PROVIDER-SERVICE/localhost:provider-service:9093 - registration status: 204
2021-06-08 09:40:40.685 [main] INFO  o.s.cloud.commons.util.InetUtils -Cannot determine local hostname
2021-06-08 09:40:40.716 [main] INFO  c.e.provider.a.ProviderAApplication -Started ProviderAApplication in 16.198 seconds (JVM running for 20.673)
2021-06-08 09:40:40.731 [main] INFO  o.s.b.a.ApplicationAvailabilityBean -Application availability state LivenessState changed to CORRECT
2021-06-08 09:40:40.731 [main] INFO  o.s.b.a.ApplicationAvailabilityBean -Application availability state ReadinessState changed to ACCEPTING_TRAFFIC
2021-06-08 09:45:36.189 [AsyncResolver-bootstrap-executor-0] INFO  c.n.d.s.r.aws.ConfigClusterResolver -Resolving eureka endpoints via configuration
