2021-06-08 09:41:17.762 [background-preinit] INFO  o.h.validator.internal.util.Version -HV000001: Hibernate Validator 6.2.0.Final
2021-06-08 09:41:17.778 [main] INFO  c.e.provider.b.ProviderBApplication -Starting ProviderBApplication using Java 1.8.0_152 on LAPTOP-7DE1HKDL with PID 1796 (D:\GitHub\spring-ultraman\spring-provider-b\target\classes started by Ant in D:\GitHub\spring-ultraman)
2021-06-08 09:41:17.793 [main] INFO  c.e.provider.b.ProviderBApplication -No active profile set, falling back to default profiles: default
2021-06-08 09:41:19.449 [main] INFO  o.s.cloud.context.scope.GenericScope -BeanFactory id=f3f0442e-9d4e-3eb6-a661-7b991f512662
2021-06-08 09:41:19.871 [main] INFO  o.s.b.w.e.tomcat.TomcatWebServer -Tomcat initialized with port(s): 9094 (http)
2021-06-08 09:41:19.934 [main] INFO  o.a.coyote.http11.Http11NioProtocol -Initializing ProtocolHandler ["http-nio-9094"]
2021-06-08 09:41:19.934 [main] INFO  o.a.catalina.core.StandardService -Starting service [Tomcat]
2021-06-08 09:41:19.934 [main] INFO  o.a.catalina.core.StandardEngine -Starting Servlet engine: [Apache Tomcat/9.0.46]
2021-06-08 09:41:20.871 [main] INFO  o.a.c.c.C.[Tomcat].[localhost].[/] -Initializing Spring embedded WebApplicationContext
2021-06-08 09:41:20.871 [main] INFO  o.s.b.w.s.c.ServletWebServerApplicationContext -Root WebApplicationContext: initialization completed in 3000 ms
2021-06-08 09:41:23.824 [main] INFO  o.s.cloud.commons.util.InetUtils -Cannot determine local hostname
2021-06-08 09:41:23.934 [main] INFO  o.s.c.n.e.c.DiscoveryClientOptionalArgsConfiguration -Eureka HTTP Client uses RestTemplate.
2021-06-08 09:41:26.277 [main] INFO  o.s.cloud.commons.util.InetUtils -Cannot determine local hostname
2021-06-08 09:41:26.387 [main] WARN  o.s.c.l.c.LoadBalancerCacheAutoConfiguration$LoadBalancerCaffeineWarnLogger -Spring Cloud LoadBalancer is currently working with the default cache. You can switch to using Caffeine cache, by adding it and org.springframework.cache.caffeine.CaffeineCacheManager to the classpath.
2021-06-08 09:41:26.496 [main] INFO  o.s.c.n.eureka.InstanceInfoFactory -Setting initial instance status as: STARTING
2021-06-08 09:41:26.558 [main] INFO  c.netflix.discovery.DiscoveryClient -Initializing Eureka in region us-east-1
2021-06-08 09:41:26.558 [main] INFO  c.n.d.s.r.aws.ConfigClusterResolver -Resolving eureka endpoints via configuration
2021-06-08 09:41:26.605 [main] INFO  c.netflix.discovery.DiscoveryClient -Disable delta property : false
2021-06-08 09:41:26.605 [main] INFO  c.netflix.discovery.DiscoveryClient -Single vip registry refresh property : null
2021-06-08 09:41:26.605 [main] INFO  c.netflix.discovery.DiscoveryClient -Force full registry fetch : false
2021-06-08 09:41:26.605 [main] INFO  c.netflix.discovery.DiscoveryClient -Application is null : false
2021-06-08 09:41:26.605 [main] INFO  c.netflix.discovery.DiscoveryClient -Registered Applications size is zero : true
2021-06-08 09:41:26.605 [main] INFO  c.netflix.discovery.DiscoveryClient -Application version is -1: true
2021-06-08 09:41:26.605 [main] INFO  c.netflix.discovery.DiscoveryClient -Getting all instance registry info from the eureka server
2021-06-08 09:41:28.145 [main] INFO  c.netflix.discovery.DiscoveryClient -The response status is 200
2021-06-08 09:41:28.150 [main] INFO  c.netflix.discovery.DiscoveryClient -Starting heartbeat executor: renew interval is: 30
2021-06-08 09:41:28.156 [main] INFO  c.n.discovery.InstanceInfoReplicator -InstanceInfoReplicator onDemand update allowed rate per min is 4
2021-06-08 09:41:28.164 [main] INFO  c.netflix.discovery.DiscoveryClient -Discovery Client initialized at timestamp 1623116488162 with initial instances count: 3
2021-06-08 09:41:28.166 [main] INFO  o.s.c.n.e.s.EurekaServiceRegistry -Registering application PROVIDER-SERVICE with eureka with status UP
2021-06-08 09:41:28.167 [main] INFO  c.netflix.discovery.DiscoveryClient -Saw local status change event StatusChangeEvent [timestamp=1623116488167, current=UP, previous=STARTING]
2021-06-08 09:41:28.170 [DiscoveryClient-InstanceInfoReplicator-0] INFO  c.netflix.discovery.DiscoveryClient -DiscoveryClient_PROVIDER-SERVICE/localhost:provider-service:9094: registering service...
2021-06-08 09:41:28.174 [main] INFO  o.a.coyote.http11.Http11NioProtocol -Starting ProtocolHandler ["http-nio-9094"]
2021-06-08 09:41:28.226 [main] INFO  o.s.b.w.e.tomcat.TomcatWebServer -Tomcat started on port(s): 9094 (http) with context path ''
2021-06-08 09:41:28.228 [main] INFO  o.s.c.n.e.s.EurekaAutoServiceRegistration -Updating port to 9094
2021-06-08 09:41:28.272 [DiscoveryClient-InstanceInfoReplicator-0] INFO  c.netflix.discovery.DiscoveryClient -DiscoveryClient_PROVIDER-SERVICE/localhost:provider-service:9094 - registration status: 204
2021-06-08 09:41:30.597 [main] INFO  o.s.cloud.commons.util.InetUtils -Cannot determine local hostname
2021-06-08 09:41:30.623 [main] INFO  c.e.provider.b.ProviderBApplication -Started ProviderBApplication in 16.639 seconds (JVM running for 20.351)
2021-06-08 09:41:30.627 [main] INFO  o.s.b.a.ApplicationAvailabilityBean -Application availability state LivenessState changed to CORRECT
2021-06-08 09:41:30.631 [main] INFO  o.s.b.a.ApplicationAvailabilityBean -Application availability state ReadinessState changed to ACCEPTING_TRAFFIC
2021-06-08 09:46:08.554 [SpringContextShutdownHook] INFO  o.s.b.a.ApplicationAvailabilityBean -Application availability state ReadinessState changed from ACCEPTING_TRAFFIC to REFUSING_TRAFFIC
